<?xml version="1.0" encoding="UTF-8"?>
<testng-results ignored="0" total="1" passed="1" failed="0" skipped="0">
  <reporter-output>
  </reporter-output>
  <suite started-at="2023-02-22T23:52:08 IST" name="Default suite" finished-at="2023-02-22T23:53:08 IST" duration-ms="59878">
    <groups>
    </groups>
    <test started-at="2023-02-22T23:52:08 IST" name="Default test" finished-at="2023-02-22T23:53:08 IST" duration-ms="59878">
      <class name="ChanIron1">
        <test-method is-config="true" signature="best1()[pri:0, instance:ChanIron1@769f71a9]" started-at="2023-02-22T23:52:08 IST" name="best1" finished-at="2023-02-22T23:53:05 IST" duration-ms="56669" status="PASS">
          <reporter-output>
          </reporter-output>
        </test-method> <!-- best1 -->
        <test-method signature="best2()[pri:0, instance:ChanIron1@769f71a9]" started-at="2023-02-22T23:53:05 IST" name="best2" finished-at="2023-02-22T23:53:07 IST" duration-ms="1698" status="PASS">
          <reporter-output>
          </reporter-output>
        </test-method> <!-- best2 -->
        <test-method is-config="true" signature="best3()[pri:0, instance:ChanIron1@769f71a9]" started-at="2023-02-22T23:53:07 IST" name="best3" finished-at="2023-02-22T23:53:08 IST" duration-ms="1371" status="PASS">
          <reporter-output>
          </reporter-output>
        </test-method> <!-- best3 -->
      </class> <!-- ChanIron1 -->
    </test> <!-- Default test -->
  </suite> <!-- Default suite -->
</testng-results>
